<?xml version="1.0" encoding="UTF-8"?>
<!-- Generated by org.testng.reporters.JUnitReportReporter -->
<testsuite hostname="DESKTOP-4VA9JJC" failures="0" tests="1" name="lambaDemo.Browser" time="0.027" errors="0" timestamp="18 Jul 2024 19:35:14 GMT" skipped="0">
  <testcase classname="lambaDemo.Browser" name="myTest" time="0.027"/>
</testsuite> <!-- lambaDemo.Browser -->
