<?xml version="1.0" encoding="UTF-8"?>
<!-- Generated by org.testng.reporters.JUnitReportReporter -->
<testsuite hostname="DESKTOP-4VA9JJC" failures="0" tests="1" name="lambdaDemo.LaunchBrowser" time="0.018" errors="0" timestamp="17 Jul 2024 14:40:29 GMT" skipped="0">
  <testcase classname="lambdaDemo.LaunchBrowser" name="myTest" time="0.018"/>
</testsuite> <!-- lambdaDemo.LaunchBrowser -->
